# JRE version: Java(TM) SE Runtime Environment (8.0_201-b09) (build 1.8.0_201-b09)
# Java VM: Java HotSpot(TM) 64-Bit Server VM (25.201-b09 mixed mode windows-amd64 compressed oops)
Heap:
 PSYoungGen      total 34816K, used 2348K [0x00000000ebc00000, 0x00000000eec00000, 0x0000000100000000)
  eden space 22016K, 10% used [0x00000000ebc00000,0x00000000ebe4b1f0,0x00000000ed180000)
  from space 12800K, 0% used [0x00000000ede80000,0x00000000ede80000,0x00000000eeb00000)
  to   space 13312K, 0% used [0x00000000ed180000,0x00000000ed180000,0x00000000ede80000)
 ParOldGen       total 47616K, used 18380K [0x00000000c3400000, 0x00000000c6280000, 0x00000000ebc00000)
  object space 47616K, 38% used [0x00000000c3400000,0x00000000c45f32a0,0x00000000c6280000)
 Metaspace       used 32148K, capacity 32646K, committed 32768K, reserved 1077248K
  class space    used 3940K, capacity 4069K, committed 4096K, reserved 1048576K
GC Heap History (10 events):
Event: 193.463 GC heap before
{Heap before GC invocations=8 (full 1):
 PSYoungGen      total 26112K, used 17574K [0x00000000ebc00000, 0x00000000ee080000, 0x0000000100000000)
  eden space 15872K, 76% used [0x00000000ebc00000,0x00000000ec7d08f8,0x00000000ecb80000)
  from space 10240K, 53% used [0x00000000ed680000,0x00000000edbd8f98,0x00000000ee080000)
  to   space 10752K, 0% used [0x00000000ecb80000,0x00000000ecb80000,0x00000000ed600000)
 ParOldGen       total 33280K, used 10644K [0x00000000c3400000, 0x00000000c5480000, 0x00000000ebc00000)
  object space 33280K, 31% used [0x00000000c3400000,0x00000000c3e65168,0x00000000c5480000)
 Metaspace       used 31709K, capacity 32220K, committed 32512K, reserved 1077248K
  class space    used 3908K, capacity 4032K, committed 4096K, reserved 1048576K
Event: 193.475 GC heap after
Heap after GC invocations=8 (full 1):
 PSYoungGen      total 26624K, used 8478K [0x00000000ebc00000, 0x00000000ee180000, 0x0000000100000000)
  eden space 15872K, 0% used [0x00000000ebc00000,0x00000000ebc00000,0x00000000ecb80000)
  from space 10752K, 78% used [0x00000000ecb80000,0x00000000ed3c79d0,0x00000000ed600000)
  to   space 11264K, 0% used [0x00000000ed680000,0x00000000ed680000,0x00000000ee180000)
 ParOldGen       total 33280K, used 10652K [0x00000000c3400000, 0x00000000c5480000, 0x00000000ebc00000)
  object space 33280K, 32% used [0x00000000c3400000,0x00000000c3e67168,0x00000000c5480000)
 Metaspace       used 31709K, capacity 32220K, committed 32512K, reserved 1077248K
  class space    used 3908K, capacity 4032K, committed 4096K, reserved 1048576K
}
Event: 193.707 GC heap before
{Heap before GC invocations=9 (full 1):
 PSYoungGen      total 26624K, used 24350K [0x00000000ebc00000, 0x00000000ee180000, 0x0000000100000000)
  eden space 15872K, 100% used [0x00000000ebc00000,0x00000000ecb80000,0x00000000ecb80000)
  from space 10752K, 78% used [0x00000000ecb80000,0x00000000ed3c79d0,0x00000000ed600000)
  to   space 11264K, 0% used [0x00000000ed680000,0x00000000ed680000,0x00000000ee180000)
 ParOldGen       total 33280K, used 10652K [0x00000000c3400000, 0x00000000c5480000, 0x00000000ebc00000)
  object space 33280K, 32% used [0x00000000c3400000,0x00000000c3e67168,0x00000000c5480000)
 Metaspace       used 31784K, capacity 32316K, committed 32512K, reserved 1077248K
  class space    used 3913K, capacity 4064K, committed 4096K, reserved 1048576K
Event: 193.721 GC heap after
Heap after GC invocations=9 (full 1):
 PSYoungGen      total 25600K, used 11201K [0x00000000ebc00000, 0x00000000ef300000, 0x0000000100000000)
  eden space 14336K, 0% used [0x00000000ebc00000,0x00000000ebc00000,0x00000000eca00000)
  from space 11264K, 99% used [0x00000000ed680000,0x00000000ee1705a0,0x00000000ee180000)
  to   space 12800K, 0% used [0x00000000eca00000,0x00000000eca00000,0x00000000ed680000)
 ParOldGen       total 33280K, used 19889K [0x00000000c3400000, 0x00000000c5480000, 0x00000000ebc00000)
  object space 33280K, 59% used [0x00000000c3400000,0x00000000c476c630,0x00000000c5480000)
 Metaspace       used 31784K, capacity 32316K, committed 32512K, reserved 1077248K
  class space    used 3913K, capacity 4064K, committed 4096K, reserved 1048576K
}
Event: 193.865 GC heap before
{Heap before GC invocations=10 (full 1):
 PSYoungGen      total 25600K, used 25537K [0x00000000ebc00000, 0x00000000ef300000, 0x0000000100000000)
  eden space 14336K, 100% used [0x00000000ebc00000,0x00000000eca00000,0x00000000eca00000)
  from space 11264K, 99% used [0x00000000ed680000,0x00000000ee1705a0,0x00000000ee180000)
  to   space 12800K, 0% used [0x00000000eca00000,0x00000000eca00000,0x00000000ed680000)
 ParOldGen       total 33280K, used 19889K [0x00000000c3400000, 0x00000000c5480000, 0x00000000ebc00000)
  object space 33280K, 59% used [0x00000000c3400000,0x00000000c476c630,0x00000000c5480000)
 Metaspace       used 31784K, capacity 32316K, committed 32512K, reserved 1077248K
  class space    used 3913K, capacity 4064K, committed 4096K, reserved 1048576K
Event: 193.870 GC heap after
Heap after GC invocations=10 (full 1):
 PSYoungGen      total 27136K, used 4310K [0x00000000ebc00000, 0x00000000eeb00000, 0x0000000100000000)
  eden space 14336K, 0% used [0x00000000ebc00000,0x00000000ebc00000,0x00000000eca00000)
  from space 12800K, 33% used [0x00000000eca00000,0x00000000ece35bc8,0x00000000ed680000)
  to   space 12800K, 0% used [0x00000000ede80000,0x00000000ede80000,0x00000000eeb00000)
 ParOldGen       total 33280K, used 22553K [0x00000000c3400000, 0x00000000c5480000, 0x00000000ebc00000)
  object space 33280K, 67% used [0x00000000c3400000,0x00000000c4a065a0,0x00000000c5480000)
 Metaspace       used 31784K, capacity 32316K, committed 32512K, reserved 1077248K
  class space    used 3913K, capacity 4064K, committed 4096K, reserved 1048576K
}
Event: 227.813 GC heap before
{Heap before GC invocations=11 (full 1):
 PSYoungGen      total 27136K, used 18646K [0x00000000ebc00000, 0x00000000eeb00000, 0x0000000100000000)
  eden space 14336K, 100% used [0x00000000ebc00000,0x00000000eca00000,0x00000000eca00000)
  from space 12800K, 33% used [0x00000000eca00000,0x00000000ece35bc8,0x00000000ed680000)
  to   space 12800K, 0% used [0x00000000ede80000,0x00000000ede80000,0x00000000eeb00000)
 ParOldGen       total 33280K, used 22553K [0x00000000c3400000, 0x00000000c5480000, 0x00000000ebc00000)
  object space 33280K, 67% used [0x00000000c3400000,0x00000000c4a065a0,0x00000000c5480000)
 Metaspace       used 32021K, capacity 32572K, committed 32768K, reserved 1077248K
  class space    used 3924K, capacity 4064K, committed 4096K, reserved 1048576K
Event: 227.824 GC heap after
Heap after GC invocations=11 (full 1):
 PSYoungGen      total 34816K, used 416K [0x00000000ebc00000, 0x00000000eec00000, 0x0000000100000000)
  eden space 22016K, 0% used [0x00000000ebc00000,0x00000000ebc00000,0x00000000ed180000)
  from space 12800K, 3% used [0x00000000ede80000,0x00000000edee8000,0x00000000eeb00000)
  to   space 13312K, 0% used [0x00000000ed180000,0x00000000ed180000,0x00000000ede80000)
 ParOldGen       total 33280K, used 32447K [0x00000000c3400000, 0x00000000c5480000, 0x00000000ebc00000)
  object space 33280K, 97% used [0x00000000c3400000,0x00000000c53afea0,0x00000000c5480000)
 Metaspace       used 32021K, capacity 32572K, committed 32768K, reserved 1077248K
  class space    used 3924K, capacity 4064K, committed 4096K, reserved 1048576K
}
Event: 227.825 GC heap before
{Heap before GC invocations=12 (full 2):
 PSYoungGen      total 34816K, used 416K [0x00000000ebc00000, 0x00000000eec00000, 0x0000000100000000)
  eden space 22016K, 0% used [0x00000000ebc00000,0x00000000ebc00000,0x00000000ed180000)
  from space 12800K, 3% used [0x00000000ede80000,0x00000000edee8000,0x00000000eeb00000)
  to   space 13312K, 0% used [0x00000000ed180000,0x00000000ed180000,0x00000000ede80000)
 ParOldGen       total 33280K, used 32447K [0x00000000c3400000, 0x00000000c5480000, 0x00000000ebc00000)
  object space 33280K, 97% used [0x00000000c3400000,0x00000000c53afea0,0x00000000c5480000)
 Metaspace       used 32021K, capacity 32572K, committed 32768K, reserved 1077248K
  class space    used 3924K, capacity 4064K, committed 4096K, reserved 1048576K
Event: 227.935 GC heap after
Heap after GC invocations=12 (full 2):
 PSYoungGen      total 34816K, used 0K [0x00000000ebc00000, 0x00000000eec00000, 0x0000000100000000)
  eden space 22016K, 0% used [0x00000000ebc00000,0x00000000ebc00000,0x00000000ed180000)
  from space 12800K, 0% used [0x00000000ede80000,0x00000000ede80000,0x00000000eeb00000)
  to   space 13312K, 0% used [0x00000000ed180000,0x00000000ed180000,0x00000000ede80000)
 ParOldGen       total 47616K, used 18380K [0x00000000c3400000, 0x00000000c6280000, 0x00000000ebc00000)
  object space 47616K, 38% used [0x00000000c3400000,0x00000000c45f32a0,0x00000000c6280000)
 Metaspace       used 32021K, capacity 32572K, committed 32768K, reserved 1077248K
  class space    used 3924K, capacity 4064K, committed 4096K, reserved 1048576K
}

